Copyright 1986-2021 Xilinx, Inc. All Rights Reserved.
-------------------------------------------------------------------------------------------------------------------------------------
| Tool Version : Vivado v.2021.1 (lin64) Build 3247384 Thu Jun 10 19:36:07 MDT 2021
| Date         : Thu Mar 10 03:40:34 2022
| Host         : chh-GF63-Thin-10UC running 64-bit Ubuntu 20.04.4 LTS
| Command      : report_utilization -file system_v_demosaic_0_1_utilization_synth.rpt -pb system_v_demosaic_0_1_utilization_synth.pb
| Design       : system_v_demosaic_0_1
| Device       : xczu3egsbva484-1
| Design State : Synthesized
-------------------------------------------------------------------------------------------------------------------------------------

Utilization Design Information

Table of Contents
-----------------
1. CLB Logic
1.1 Summary of Registers by Type
2. BLOCKRAM
3. ARITHMETIC
4. I/O
5. CLOCK
6. ADVANCED
7. CONFIGURATION
8. Primitives
9. Black Boxes
10. Instantiated Netlists

1. CLB Logic
------------

+----------------------------+------+-------+------------+-----------+-------+
|          Site Type         | Used | Fixed | Prohibited | Available | Util% |
+----------------------------+------+-------+------------+-----------+-------+
| CLB LUTs*                  | 4319 |     0 |          0 |     70560 |  6.12 |
|   LUT as Logic             | 4045 |     0 |          0 |     70560 |  5.73 |
|   LUT as Memory            |  274 |     0 |          0 |     28800 |  0.95 |
|     LUT as Distributed RAM |    0 |     0 |            |           |       |
|     LUT as Shift Register  |  274 |     0 |            |           |       |
| CLB Registers              | 4773 |     0 |          0 |    141120 |  3.38 |
|   Register as Flip Flop    | 4773 |     0 |          0 |    141120 |  3.38 |
|   Register as Latch        |    0 |     0 |          0 |    141120 |  0.00 |
| CARRY8                     |  284 |     0 |          0 |      8820 |  3.22 |
| F7 Muxes                   |    2 |     0 |          0 |     35280 | <0.01 |
| F8 Muxes                   |    0 |     0 |          0 |     17640 |  0.00 |
| F9 Muxes                   |    0 |     0 |          0 |      8820 |  0.00 |
+----------------------------+------+-------+------------+-----------+-------+
* Warning! The Final LUT count, after physical optimizations and full implementation, is typically lower. Run opt_design after synthesis, if not already completed, for a more realistic count.


1.1 Summary of Registers by Type
--------------------------------

+-------+--------------+-------------+--------------+
| Total | Clock Enable | Synchronous | Asynchronous |
+-------+--------------+-------------+--------------+
| 0     |            _ |           - |            - |
| 0     |            _ |           - |          Set |
| 0     |            _ |           - |        Reset |
| 0     |            _ |         Set |            - |
| 0     |            _ |       Reset |            - |
| 0     |          Yes |           - |            - |
| 0     |          Yes |           - |          Set |
| 0     |          Yes |           - |        Reset |
| 41    |          Yes |         Set |            - |
| 4732  |          Yes |       Reset |            - |
+-------+--------------+-------------+--------------+


2. BLOCKRAM
-----------

+-------------------+------+-------+------------+-----------+-------+
|     Site Type     | Used | Fixed | Prohibited | Available | Util% |
+-------------------+------+-------+------------+-----------+-------+
| Block RAM Tile    |   15 |     0 |          0 |       216 |  6.94 |
|   RAMB36/FIFO*    |   14 |     0 |          0 |       216 |  6.48 |
|     RAMB36E2 only |   14 |       |            |           |       |
|   RAMB18          |    2 |     0 |          0 |       432 |  0.46 |
|     RAMB18E2 only |    2 |       |            |           |       |
+-------------------+------+-------+------------+-----------+-------+
* Note: Each Block RAM Tile only has one FIFO logic available and therefore can accommodate only one FIFO36E2 or one FIFO18E2. However, if a FIFO18E2 occupies a Block RAM Tile, that tile can still accommodate a RAMB18E2


3. ARITHMETIC
-------------

+----------------+------+-------+------------+-----------+-------+
|    Site Type   | Used | Fixed | Prohibited | Available | Util% |
+----------------+------+-------+------------+-----------+-------+
| DSPs           |    8 |     0 |          0 |       360 |  2.22 |
|   DSP48E2 only |    8 |       |            |           |       |
+----------------+------+-------+------------+-----------+-------+


4. I/O
------

+------------+------+-------+------------+-----------+-------+
|  Site Type | Used | Fixed | Prohibited | Available | Util% |
+------------+------+-------+------------+-----------+-------+
| Bonded IOB |    0 |     0 |          0 |        82 |  0.00 |
+------------+------+-------+------------+-----------+-------+


5. CLOCK
--------

+----------------------+------+-------+------------+-----------+-------+
|       Site Type      | Used | Fixed | Prohibited | Available | Util% |
+----------------------+------+-------+------------+-----------+-------+
| GLOBAL CLOCK BUFFERs |    0 |     0 |          0 |       196 |  0.00 |
|   BUFGCE             |    0 |     0 |          0 |        88 |  0.00 |
|   BUFGCE_DIV         |    0 |     0 |          0 |        12 |  0.00 |
|   BUFG_PS            |    0 |     0 |          0 |        72 |  0.00 |
|   BUFGCTRL*          |    0 |     0 |          0 |        24 |  0.00 |
| PLL                  |    0 |     0 |          0 |         6 |  0.00 |
| MMCM                 |    0 |     0 |          0 |         3 |  0.00 |
+----------------------+------+-------+------------+-----------+-------+
* Note: Each used BUFGCTRL counts as two GLOBAL CLOCK BUFFERs. This table does not include global clocking resources, only buffer cell usage. See the Clock Utilization Report (report_clock_utilization) for detailed accounting of global clocking resource availability.


6. ADVANCED
-----------

+-----------+------+-------+------------+-----------+-------+
| Site Type | Used | Fixed | Prohibited | Available | Util% |
+-----------+------+-------+------------+-----------+-------+
| PS8       |    0 |     0 |          0 |         1 |  0.00 |
| SYSMONE4  |    0 |     0 |          0 |         1 |  0.00 |
+-----------+------+-------+------------+-----------+-------+


7. CONFIGURATION
----------------

+-------------+------+-------+------------+-----------+-------+
|  Site Type  | Used | Fixed | Prohibited | Available | Util% |
+-------------+------+-------+------------+-----------+-------+
| BSCANE2     |    0 |     0 |          0 |         4 |  0.00 |
| DNA_PORTE2  |    0 |     0 |          0 |         1 |  0.00 |
| EFUSE_USR   |    0 |     0 |          0 |         1 |  0.00 |
| FRAME_ECCE4 |    0 |     0 |          0 |         1 |  0.00 |
| ICAPE3      |    0 |     0 |          0 |         2 |  0.00 |
| MASTER_JTAG |    0 |     0 |          0 |         1 |  0.00 |
| STARTUPE3   |    0 |     0 |          0 |         1 |  0.00 |
+-------------+------+-------+------------+-----------+-------+


8. Primitives
-------------

+----------+------+---------------------+
| Ref Name | Used | Functional Category |
+----------+------+---------------------+
| FDRE     | 4732 |            Register |
| LUT2     | 1052 |                 CLB |
| LUT6     | 1030 |                 CLB |
| LUT3     | 1029 |                 CLB |
| LUT4     |  978 |                 CLB |
| LUT5     |  779 |                 CLB |
| CARRY8   |  284 |                 CLB |
| SRL16E   |  274 |                 CLB |
| LUT1     |  103 |                 CLB |
| FDSE     |   41 |            Register |
| RAMB36E2 |   14 |            BLOCKRAM |
| DSP48E2  |    8 |          Arithmetic |
| RAMB18E2 |    2 |            BLOCKRAM |
| MUXF7    |    2 |                 CLB |
+----------+------+---------------------+


9. Black Boxes
--------------

+----------+------+
| Ref Name | Used |
+----------+------+


10. Instantiated Netlists
-------------------------

+----------+------+
| Ref Name | Used |
+----------+------+


